GROUP,PACKAGE,CLASS,INSTRUCTION_MISSED,INSTRUCTION_COVERED,BRANCH_MISSED,BRANCH_COVERED,LINE_MISSED,LINE_COVERED,COMPLEXITY_MISSED,COMPLEXITY_COVERED,METHOD_MISSED,METHOD_COVERED
backend_flight_booking,com.backend_flight_booking.backend_flight_booking.Reservations,ReservationStatus,0,15,0,0,0,3,0,1,0,1
backend_flight_booking,com.backend_flight_booking.backend_flight_booking.Reservations,ReservationModel,296,3,62,0,9,1,48,1,17,1
backend_flight_booking,com.backend_flight_booking.backend_flight_booking.Flights,FlightModel,448,8,94,0,13,2,72,1,25,1
backend_flight_booking,com.backend_flight_booking.backend_flight_booking.Seats,SeatType,0,21,0,0,0,4,0,1,0,1
backend_flight_booking,com.backend_flight_booking.backend_flight_booking.Seats,SeatModel,334,3,70,0,10,1,54,1,19,1
backend_flight_booking,com.backend_flight_booking.backend_flight_booking.Seats,SeatStatus,0,27,0,0,0,5,0,1,0,1
backend_flight_booking,com.backend_flight_booking.backend_flight_booking,BackendFlightBookingApplication,5,3,0,0,2,1,1,1,1,1
backend_flight_booking,com.backend_flight_booking.backend_flight_booking.Users,UserModel,334,8,70,0,9,2,54,1,19,1
